15:16:25.270 Watching directory: /Users/Amir-Perfecto 1/Documents/workspace/GaugeWebAccessibility/specs
15:16:25.272 Found 1 files
15:16:25.283 Initializing concepts cache with 0 concepts
15:16:25.286 Initializing specs cache with 1 specs
15:16:25.286 Adding specs from /Users/Amir-Perfecto 1/Documents/workspace/GaugeWebAccessibility/specs/example.spec
15:16:25.286 Initializing steps cache with 1 steps
15:16:25.286 Gauge daemon initialized and listening on port: 59737
15:31:46.247 Api Request Received: messageType:GetStepValueRequest messageId:4 stepValueRequest:<stepText:"Go to Gauge Get Started Page" > 
15:31:46.248 Sending API response: messageType:GetStepValueResponse messageId:4 stepValueResponse:<stepValue:<stepValue:"Go to Gauge Get Started Page" parameterizedStepValue:"Go to Gauge Get Started Page" > > 
15:31:46.282 Api Request Received: messageType:GetStepValueRequest messageId:4 stepValueRequest:<stepText:"Ensure installation instructions are available" > 
15:31:46.283 Sending API response: messageType:GetStepValueResponse messageId:4 stepValueResponse:<stepValue:<stepValue:"Ensure installation instructions are available" parameterizedStepValue:"Ensure installation instructions are available" > > 
15:31:46.315 Api Request Received: messageType:GetStepValueRequest messageId:4 stepValueRequest:<stepText:"Open the Gauge homepage" > 
15:31:46.315 Sending API response: messageType:GetStepValueResponse messageId:4 stepValueResponse:<stepValue:<stepValue:"Open the Gauge homepage" parameterizedStepValue:"Open the Gauge homepage" > > 
15:35:02.370 Api Request Received: messageType:GetStepValueRequest messageId:4 stepValueRequest:<stepText:"I check window for accessibility <term>" > 
15:35:02.373 Sending API response: messageType:GetStepValueResponse messageId:4 stepValueResponse:<stepValue:<stepValue:"I check window for accessibility {}" parameterizedStepValue:"I check window for accessibility <term>" parameters:"term" > > 
16:22:20.094 Spec file added / modified: /Users/Amir-Perfecto 1/Documents/workspace/GaugeWebAccessibility/specs/example.spec
16:22:23.993 Api Request Received: messageType:GetStepValueRequest messageId:4 stepValueRequest:<> 
16:22:24.010 Sending API response: messageType:GetStepValueResponse messageId:4 stepValueResponse:<stepValue:<> > 
16:22:24.012 Api Request Received: messageType:GetStepValueRequest messageId:4 stepValueRequest:<> 
16:22:24.013 Sending API response: messageType:GetStepValueResponse messageId:4 stepValueResponse:<stepValue:<> > 
16:22:24.014 Api Request Received: messageType:GetStepValueRequest messageId:4 stepValueRequest:<> 
16:22:24.015 Sending API response: messageType:GetStepValueResponse messageId:4 stepValueResponse:<stepValue:<> > 
16:22:24.318 Api Request Received: messageType:GetStepValueRequest messageId:4 stepValueRequest:<> 
16:22:24.321 Sending API response: messageType:GetStepValueResponse messageId:4 stepValueResponse:<stepValue:<> > 
16:22:24.326 Api Request Received: messageType:GetStepValueRequest messageId:4 stepValueRequest:<> 
16:22:24.326 Sending API response: messageType:GetStepValueResponse messageId:4 stepValueResponse:<stepValue:<> > 
16:22:24.330 Api Request Received: messageType:GetStepValueRequest messageId:4 stepValueRequest:<> 
16:22:24.330 Sending API response: messageType:GetStepValueResponse messageId:4 stepValueResponse:<stepValue:<> > 
16:22:24.339 Api Request Received: messageType:GetStepValueRequest messageId:4 stepValueRequest:<> 
16:22:24.340 Sending API response: messageType:GetStepValueResponse messageId:4 stepValueResponse:<stepValue:<> > 
16:22:24.341 Api Request Received: messageType:GetStepValueRequest messageId:4 stepValueRequest:<> 
16:22:24.344 Sending API response: messageType:GetStepValueResponse messageId:4 stepValueResponse:<stepValue:<> > 
16:22:24.346 Api Request Received: messageType:GetStepValueRequest messageId:4 stepValueRequest:<> 
16:22:24.349 Sending API response: messageType:GetStepValueResponse messageId:4 stepValueResponse:<stepValue:<> > 
16:22:24.351 Api Request Received: messageType:GetStepValueRequest messageId:4 stepValueRequest:<> 
16:22:24.354 Sending API response: messageType:GetStepValueResponse messageId:4 stepValueResponse:<stepValue:<> > 
16:22:24.695 Api Request Received: messageType:GetAllStepsRequest messageId:2 allStepsRequest:<> 
16:22:24.697 Sending API response: messageType:GetAllStepResponse messageId:2 allStepsResponse:<allSteps:<stepValue:"Open the Gauge homepage" parameterizedStepValue:"Open the Gauge homepage" > allSteps:<stepValue:"Go to Gauge Get Started Page" parameterizedStepValue:"Go to Gauge Get Started Page" > allSteps:<stepValue:"Ensure installation instructions are available" parameterizedStepValue:"Ensure installation instructions are available" > > 
16:22:24.703 Api Request Received: messageType:GetAllConceptsRequest messageId:6 allConceptsRequest:<> 
16:22:24.703 Sending API response: messageType:GetAllConceptsResponse messageId:6 allConceptsResponse:<> 
16:22:25.069 Api Request Received: messageType:GetStepValueRequest messageId:4 stepValueRequest:<stepText:"I" > 
16:22:25.070 Sending API response: messageType:GetStepValueResponse messageId:4 stepValueResponse:<stepValue:<stepValue:"I" parameterizedStepValue:"I" > > 
16:22:25.609 Api Request Received: messageType:GetAllStepsRequest messageId:2 allStepsRequest:<> 
16:22:25.609 Sending API response: messageType:GetAllStepResponse messageId:2 allStepsResponse:<allSteps:<stepValue:"Open the Gauge homepage" parameterizedStepValue:"Open the Gauge homepage" > allSteps:<stepValue:"Go to Gauge Get Started Page" parameterizedStepValue:"Go to Gauge Get Started Page" > allSteps:<stepValue:"Ensure installation instructions are available" parameterizedStepValue:"Ensure installation instructions are available" > > 
16:22:25.610 Api Request Received: messageType:GetAllConceptsRequest messageId:6 allConceptsRequest:<> 
16:22:25.611 Sending API response: messageType:GetAllConceptsResponse messageId:6 allConceptsResponse:<> 
16:22:26.869 Api Request Received: messageType:GetStepValueRequest messageId:4 stepValueRequest:<stepText:"I check window for accessibility \"term\"" > 
16:22:26.872 Sending API response: messageType:GetStepValueResponse messageId:4 stepValueResponse:<stepValue:<stepValue:"I check window for accessibility {}" parameterizedStepValue:"I check window for accessibility <term>" parameters:"term" > > 
16:22:26.873 Api Request Received: messageType:GetStepValueRequest messageId:4 stepValueRequest:<stepText:"I check window for accessibility \"term\"" > 
16:22:26.873 Sending API response: messageType:GetStepValueResponse messageId:4 stepValueResponse:<stepValue:<stepValue:"I check window for accessibility {}" parameterizedStepValue:"I check window for accessibility <term>" parameters:"term" > > 
16:22:30.841 Api Request Received: messageType:GetStepValueRequest messageId:4 stepValueRequest:<stepText:"I check window for accessibility \"Gauge \"" > 
16:22:30.842 Sending API response: messageType:GetStepValueResponse messageId:4 stepValueResponse:<stepValue:<stepValue:"I check window for accessibility {}" parameterizedStepValue:"I check window for accessibility <Gauge >" parameters:"Gauge " > > 
16:22:32.246 Api Request Received: messageType:GetStepValueRequest messageId:4 stepValueRequest:<stepText:"I check window for accessibility \"Gauge get\"" > 
16:22:32.246 Sending API response: messageType:GetStepValueResponse messageId:4 stepValueResponse:<stepValue:<stepValue:"I check window for accessibility {}" parameterizedStepValue:"I check window for accessibility <Gauge get>" parameters:"Gauge get" > > 
16:22:32.247 Api Request Received: messageType:GetStepValueRequest messageId:4 stepValueRequest:<stepText:"I check window for accessibility \"Gauge get\"" > 
16:22:32.247 Sending API response: messageType:GetStepValueResponse messageId:4 stepValueResponse:<stepValue:<stepValue:"I check window for accessibility {}" parameterizedStepValue:"I check window for accessibility <Gauge get>" parameters:"Gauge get" > > 
16:22:33.000 Api Request Received: messageType:GetStepValueRequest messageId:4 stepValueRequest:<stepText:"I check window for accessibility \"Gauge get sta\"" > 
16:22:33.001 Sending API response: messageType:GetStepValueResponse messageId:4 stepValueResponse:<stepValue:<stepValue:"I check window for accessibility {}" parameterizedStepValue:"I check window for accessibility <Gauge get sta>" parameters:"Gauge get sta" > > 
16:22:33.677 Api Request Received: messageType:GetStepValueRequest messageId:4 stepValueRequest:<stepText:"I check window for accessibility \"Gauge get started \"" > 
16:22:33.678 Sending API response: messageType:GetStepValueResponse messageId:4 stepValueResponse:<stepValue:<stepValue:"I check window for accessibility {}" parameterizedStepValue:"I check window for accessibility <Gauge get started >" parameters:"Gauge get started " > > 
16:22:34.603 Api Request Received: messageType:GetStepValueRequest messageId:4 stepValueRequest:<stepText:"I check window for accessibility \"Gauge get started page\"" > 
16:22:34.604 Sending API response: messageType:GetStepValueResponse messageId:4 stepValueResponse:<stepValue:<stepValue:"I check window for accessibility {}" parameterizedStepValue:"I check window for accessibility <Gauge get started page>" parameters:"Gauge get started page" > > 
16:22:36.337 Spec file removed: /Users/Amir-Perfecto 1/Documents/workspace/GaugeWebAccessibility/specs/example.spec
16:22:36.337 Spec file added / modified: /Users/Amir-Perfecto 1/Documents/workspace/GaugeWebAccessibility/specs/example.spec
